test.obj : error LNK2019: 无法解析的外部符号 SHA1_Init，函数 "void __cdecl sha1test(void)" (?sha1test@@YAXXZ) 中引用了该符号
test.obj : error LNK2019: 无法解析的外部符号 SHA1_Update，函数 "void __cdecl sha1test(void)" (?sha1test@@YAXXZ) 中引用了该符号
test.obj : error LNK2019: 无法解析的外部符号 SHA1_Final，函数 "void __cdecl sha1test(void)" (?sha1test@@YAXXZ) 中引用了该符号
C:\OpenSSL-Win32\lib\libcrypto.lib : warning LNK4272: 库计算机类型“x86”与目标计算机类型“x64”冲突
C:\Users\huch1\Desktop\文件\项目\sha1Test\x64\Debug\sha1Test.exe : fatal error LNK1120: 3 个无法解析的外部命令
